<?xml version="1.0" encoding="UTF-8"?>
<!-- Generated by org.testng.reporters.JUnitXMLReporter -->
<testsuite hostname="Macbooks-MacBook-Pro.local" ignored="0" name="Test" tests="2" failures="0" timestamp="2020-08-12T13:03:57 BST" time="166.313" errors="0">
  <testcase name="onBoarding_androidTest" time="91.855" classname="com.aib.authapp.e2e_authapp_testfw.OnBoardingTest"/>
  <testcase name="onBoarding_iPhoneTest" time="74.302" classname="com.aib.authapp.e2e_authapp_testfw.OnBoardingTest"/>
</testsuite> <!-- Test -->
