<?xml version="1.0" encoding="UTF-8"?>
<testng-results skipped="0" failed="0" ignored="1" total="2" passed="1">
  <reporter-output>
  </reporter-output>
  <suite name="Suite" duration-ms="295400" started-at="2020-10-01T21:41:22 BST" finished-at="2020-10-01T21:46:17 BST">
    <groups>
    </groups>
    <test name="Test" duration-ms="295400" started-at="2020-10-01T21:41:22 BST" finished-at="2020-10-01T21:46:17 BST">
      <class name="com.aib.authapp.e2e_authapp_testfw.AuthApp_e2eTest">
        <test-method status="PASS" signature="authApp_e2e_iPhoneTest()[pri:0, instance:com.aib.authapp.e2e_authapp_testfw.AuthApp_e2eTest@77f99a05]" name="authApp_e2e_iPhoneTest" duration-ms="295291" started-at="2020-10-01T21:41:22 BST" finished-at="2020-10-01T21:46:17 BST">
          <reporter-output>
          </reporter-output>
        </test-method> <!-- authApp_e2e_iPhoneTest -->
      </class> <!-- com.aib.authapp.e2e_authapp_testfw.AuthApp_e2eTest -->
    </test> <!-- Test -->
  </suite> <!-- Suite -->
</testng-results>
